This is pdfTeX, Version 3.1415926-2.5-1.40.14 (MiKTeX 2.9 64-bit) (preloaded format=pdflatex 2014.5.16)  20 APR 2015 09:50
entering extended mode
**template_Report.tex
(C:\Users\Tim\ARGAME\Reports\template_Report.tex
LaTeX2e <2011/06/27>
Babel <v3.8m> and hyphenation patterns for english, afrikaans, ancientgreek, ar
abic, armenian, assamese, basque, bengali, bokmal, bulgarian, catalan, coptic, 
croatian, czech, danish, dutch, esperanto, estonian, farsi, finnish, french, ga
lician, german, german-x-2012-05-30, german-x-2013-05-26, greek, gujarati, hind
i, hungarian, icelandic, indonesian, interlingua, irish, italian, kannada, kurm
anji, latin, latvian, lithuanian, malayalam, marathi, mongolian, mongolianlmc, 
monogreek, ngerman, ngerman-x-2012-05-30, ngerman-x-2013-05-26, nynorsk, oriya,
 panjabi, pinyin, polish, portuguese, romanian, russian, sanskrit, serbian, slo
vak, slovenian, spanish, swedish, swissgerman, tamil, telugu, turkish, turkmen,
 ukenglish, ukrainian, uppersorbian, usenglishmax, welsh, loaded.
("C:\Program Files (x86)\MikTeX\tex\latex\base\report.cls"
Document Class: report 2007/10/19 v1.4h Standard LaTeX document class
("C:\Program Files (x86)\MikTeX\tex\latex\base\size10.clo"
File: size10.clo 2007/10/19 v1.4h Standard LaTeX file (size option)
)
\c@part=\count79
\c@chapter=\count80
\c@section=\count81
\c@subsection=\count82
\c@subsubsection=\count83
\c@paragraph=\count84
\c@subparagraph=\count85
\c@figure=\count86
\c@table=\count87
\abovecaptionskip=\skip41
\belowcaptionskip=\skip42
\bibindent=\dimen102
)
(C:\Users\Tim\ARGAME\Reports\template_Report.aux)
LaTeX Font Info:    Checking defaults for OML/cmm/m/it on input line 9.
LaTeX Font Info:    ... okay on input line 9.
LaTeX Font Info:    Checking defaults for T1/cmr/m/n on input line 9.
LaTeX Font Info:    ... okay on input line 9.
LaTeX Font Info:    Checking defaults for OT1/cmr/m/n on input line 9.
LaTeX Font Info:    ... okay on input line 9.
LaTeX Font Info:    Checking defaults for OMS/cmsy/m/n on input line 9.
LaTeX Font Info:    ... okay on input line 9.
LaTeX Font Info:    Checking defaults for OMX/cmex/m/n on input line 9.
LaTeX Font Info:    ... okay on input line 9.
LaTeX Font Info:    Checking defaults for U/cmr/m/n on input line 9.
LaTeX Font Info:    ... okay on input line 9.
LaTeX Font Info:    External font `cmex10' loaded for size
(Font)              <12> on input line 10.
LaTeX Font Info:    External font `cmex10' loaded for size
(Font)              <8> on input line 10.
LaTeX Font Info:    External font `cmex10' loaded for size
(Font)              <6> on input line 10.
 [1

{C:/Users/Tim/AppData/Local/MiKTeX/2.9/pdftex/config/pdftex.map}] [1]
(C:\Users\Tim\ARGAME\Reports\template_Report.aux) ) 
Here is how much of TeX's memory you used:
 245 strings out of 493906
 2820 string characters out of 3145675
 49074 words of memory out of 3000000
 3618 multiletter control sequences out of 15000+200000
 6983 words of font info for 25 fonts, out of 3000000 for 9000
 841 hyphenation exceptions out of 8191
 23i,6n,17p,147b,179s stack positions out of 5000i,500n,10000p,200000b,50000s
<C:/Program Files (x86)/MikT
eX/fonts/type1/public/amsfonts/cm/cmbx10.pfb><C:/Program Files (x86)/MikTeX/fon
ts/type1/public/amsfonts/cm/cmr12.pfb><C:/Program Files (x86)/MikTeX/fonts/type
1/public/amsfonts/cm/cmr17.pfb>
Output written on template_Report.pdf (2 pages, 30697 bytes).
PDF statistics:
 21 PDF objects out of 1000 (max. 8388607)
 0 named destinations out of 1000 (max. 500000)
 1 words of extra memory for PDF output out of 10000 (max. 10000000)

